{"D:\\work\\git\\js_practice\\leetcodes\\1. Two Sum\\twoSum.js": {"path":"D:\\work\\git\\js_practice\\leetcodes\\1. Two Sum\\twoSum.js","statementMap":{"0":{"start":{"line":28,"column":13},"end":{"line":56,"column":1}},"1":{"start":{"line":48,"column":12},"end":{"line":48,"column":14}},"2":{"start":{"line":49,"column":2},"end":{"line":55,"column":3}},"3":{"start":{"line":49,"column":15},"end":{"line":49,"column":16}},"4":{"start":{"line":50,"column":17},"end":{"line":50,"column":33}},"5":{"start":{"line":51,"column":4},"end":{"line":53,"column":5}},"6":{"start":{"line":52,"column":6},"end":{"line":52,"column":40}},"7":{"start":{"line":54,"column":4},"end":{"line":54,"column":21}},"8":{"start":{"line":58,"column":13},"end":{"line":58,"column":14}},"9":{"start":{"line":60,"column":0},"end":{"line":60,"column":24}}},"fnMap":{"0":{"name":"(anonymous_0)","decl":{"start":{"line":28,"column":13},"end":{"line":28,"column":14}},"loc":{"start":{"line":28,"column":36},"end":{"line":56,"column":1}},"line":28}},"branchMap":{"0":{"loc":{"start":{"line":51,"column":4},"end":{"line":53,"column":5}},"type":"if","locations":[{"start":{"line":51,"column":4},"end":{"line":53,"column":5}},{"start":{"line":51,"column":4},"end":{"line":53,"column":5}}],"line":51},"1":{"loc":{"start":{"line":51,"column":8},"end":{"line":51,"column":54}},"type":"binary-expr","locations":[{"start":{"line":51,"column":8},"end":{"line":51,"column":33}},{"start":{"line":51,"column":37},"end":{"line":51,"column":54}}],"line":51}},"s":{"0":1,"1":2,"2":2,"3":2,"4":5,"5":5,"6":2,"7":3,"8":1,"9":1},"f":{"0":2},"b":{"0":[2,3],"1":[5,2]},"_coverageSchema":"43e27e138ebf9cfc5966b082cf9a028302ed4184","hash":"155d97aed5df5bfae6fa56ea5ead93467316e224"}
}
